<?xml version="1.0" encoding="UTF-8"?>
<!-- Generated by org.testng.reporters.JUnitXMLReporter -->
<testsuite ignored="0" hostname="DESKTOP-FQVHI6T" failures="0"
	tests="1" name="EdgeBrowserTesting" time="10.743" errors="0"
	timestamp="2024-04-29T23:33:34 IST">
	<testcase classname="com.netBanking1.Testcases.BaseClass"
		name="@BeforeClass setup" time="10.145">
		<failure
			type="org.openqa.selenium.remote.http.ConnectionFailedException"
			message="Unable to establish websocket connection to http://localhost:50819/devtools/browser/907a8be0-9d3e-4172-b0d9-78883780c482
Build info: version: &amp;apos;4.0.0-alpha-5&amp;apos;, revision: &amp;apos;b3a0d621cc&amp;apos;
System info: host: &amp;apos;DESKTOP-FQVHI6T&amp;apos;, ip: &amp;apos;192.168.33.1&amp;apos;, os.name: &amp;apos;Windows 10&amp;apos;, os.arch: &amp;apos;amd64&amp;apos;, os.version: &amp;apos;10.0&amp;apos;, java.version: &amp;apos;15.0.2&amp;apos;
Driver info: driver.version: EdgeDriver">
      <![CDATA[org.openqa.selenium.remote.http.ConnectionFailedException: Unable to establish websocket connection to http://localhost:50819/devtools/browser/907a8be0-9d3e-4172-b0d9-78883780c482
Build info: version: '4.0.0-alpha-5', revision: 'b3a0d621cc'
System info: host: 'DESKTOP-FQVHI6T', ip: '192.168.33.1', os.name: 'Windows 10', os.arch: 'amd64', os.version: '10.0', java.version: '15.0.2'
Driver info: driver.version: EdgeDriver
at org.openqa.selenium.remote.http.netty.NettyWebSocket.<init>(NettyWebSocket.java:89)
at org.openqa.selenium.remote.http.netty.NettyWebSocket.lambda$create$3(NettyWebSocket.java:117)
at org.openqa.selenium.remote.http.netty.NettyClient.openSocket(NettyClient.java:55)
at org.openqa.selenium.devtools.Connection.<init>(Connection.java:61)
at org.openqa.selenium.chromium.ChromiumDevToolsLocator.getChromeConnector(ChromiumDevToolsLocator.java:80)
at org.openqa.selenium.chromium.ChromiumDriver.<init>(ChromiumDriver.java:82)
at org.openqa.selenium.edge.EdgeDriver.<init>(EdgeDriver.java:120)
at org.openqa.selenium.edge.EdgeDriver.<init>(EdgeDriver.java:117)
at com.netBanking1.Testcases.BaseClass.setup(BaseClass.java:99)
at java.base/java.util.ArrayList.forEach(ArrayList.java:1511)
at java.base/java.util.concurrent.FutureTask.run(FutureTask.java:264)
at java.base/java.util.concurrent.ThreadPoolExecutor.runWorker(ThreadPoolExecutor.java:1130)
at java.base/java.util.concurrent.ThreadPoolExecutor$Worker.run(ThreadPoolExecutor.java:630)
at java.base/java.lang.Thread.run(Thread.java:832)
... Removed 16 stack frames]]>
		</failure>
	</testcase> <!-- @BeforeClass setup -->
	<testcase
		classname="com.netBanking1.Testcases.TC_AddNewCustomer_003"
		name="@AfterMethod getcusId" time="-1.714413814202E9">
		<skipped />
	</testcase> <!-- @AfterMethod getcusId -->
	<testcase classname="com.netBanking1.Testcases.BaseClass"
		name="@AfterClass tearDown" time="-1.714413814216E9">
		<skipped />
	</testcase> <!-- @AfterClass tearDown -->
	<testcase
		classname="com.netBanking1.Testcases.TC_AddNewCustomer_003"
		name="addingNewCustomer" time="0.018">
		<skipped />
	</testcase> <!-- addingNewCustomer -->
</testsuite> <!-- EdgeBrowserTesting -->
